# JRE version: OpenJDK Runtime Environment Temurin-21.0.10+7 (21.0.10+7) (build 21.0.10+7-LTS)
# Java VM: OpenJDK 64-Bit Server VM Temurin-21.0.10+7 (21.0.10+7-LTS, mixed mode, sharing, tiered, compressed oops, compressed class ptrs, g1 gc, windows-amd64)
GC Precious Log:
 CardTable entry size: 512
 Card Set container configuration: InlinePtr #cards 4 size 8 Array Of Cards #cards 32 size 80 Howl #buckets 8 coarsen threshold 7372 Howl Bitmap #cards 1024 size 144 coarsen threshold 921 Card regions per heap region 1 cards per card region 8192
 CPUs: 4 total, 4 available
 Memory: 8079M
 Large Page Support: Disabled
 NUMA Support: Disabled
 Compressed Oops: Enabled (Zero based)
 Heap Region Size: 4M
 Heap Min Capacity: 8M
 Heap Initial Capacity: 128M
 Heap Max Capacity: 8G
 Pre-touch: Disabled
 Parallel Workers: 4
 Concurrent Workers: 1
 Concurrent Refinement Workers: 4
 Periodic GC: Disabled
Heap:
 garbage-first heap   total 245760K, used 165782K [0x0000000600000000, 0x0000000800000000)
  region size 4096K, 2 young (8192K), 2 survivors (8192K)
 Metaspace       used 131944K, committed 134720K, reserved 1179648K
  class space    used 18312K, committed 19712K, reserved 1048576K
GC Heap History (20 events):
Event: 85.907 GC heap after
{Heap after GC invocations=35 (full 0):
 garbage-first heap   total 192512K, used 110566K [0x0000000600000000, 0x0000000800000000)
  region size 4096K, 2 young (8192K), 2 survivors (8192K)
 Metaspace       used 92267K, committed 94528K, reserved 1179648K
  class space    used 13419K, committed 14528K, reserved 1048576K
}
Event: 87.953 GC heap before
{Heap before GC invocations=35 (full 0):
 garbage-first heap   total 192512K, used 163814K [0x0000000600000000, 0x0000000800000000)
  region size 4096K, 15 young (61440K), 2 survivors (8192K)
 Metaspace       used 95401K, committed 97728K, reserved 1179648K
  class space    used 13835K, committed 14976K, reserved 1048576K
}
Event: 87.960 GC heap after
{Heap after GC invocations=36 (full 0):
 garbage-first heap   total 192512K, used 113162K [0x0000000600000000, 0x0000000800000000)
  region size 4096K, 1 young (4096K), 1 survivors (4096K)
 Metaspace       used 95401K, committed 97728K, reserved 1179648K
  class space    used 13835K, committed 14976K, reserved 1048576K
}
Event: 89.942 GC heap before
{Heap before GC invocations=37 (full 0):
 garbage-first heap   total 192512K, used 170506K [0x0000000600000000, 0x0000000800000000)
  region size 4096K, 15 young (61440K), 1 survivors (4096K)
 Metaspace       used 99850K, committed 102208K, reserved 1179648K
  class space    used 14440K, committed 15616K, reserved 1048576K
}
Event: 89.947 GC heap after
{Heap after GC invocations=38 (full 0):
 garbage-first heap   total 192512K, used 114979K [0x0000000600000000, 0x0000000800000000)
  region size 4096K, 2 young (8192K), 2 survivors (8192K)
 Metaspace       used 99850K, committed 102208K, reserved 1179648K
  class space    used 14440K, committed 15616K, reserved 1048576K
}
Event: 91.097 GC heap before
{Heap before GC invocations=38 (full 0):
 garbage-first heap   total 192512K, used 168227K [0x0000000600000000, 0x0000000800000000)
  region size 4096K, 15 young (61440K), 2 survivors (8192K)
 Metaspace       used 101659K, committed 104000K, reserved 1179648K
  class space    used 14711K, committed 15872K, reserved 1048576K
}
Event: 91.111 GC heap after
{Heap after GC invocations=39 (full 0):
 garbage-first heap   total 192512K, used 117229K [0x0000000600000000, 0x0000000800000000)
  region size 4096K, 2 young (8192K), 2 survivors (8192K)
 Metaspace       used 101659K, committed 104000K, reserved 1179648K
  class space    used 14711K, committed 15872K, reserved 1048576K
}
Event: 93.490 GC heap before
{Heap before GC invocations=39 (full 0):
 garbage-first heap   total 192512K, used 170477K [0x0000000600000000, 0x0000000800000000)
  region size 4096K, 15 young (61440K), 2 survivors (8192K)
 Metaspace       used 107073K, committed 109440K, reserved 1179648K
  class space    used 15398K, committed 16576K, reserved 1048576K
}
Event: 93.500 GC heap after
{Heap after GC invocations=40 (full 0):
 garbage-first heap   total 192512K, used 119327K [0x0000000600000000, 0x0000000800000000)
  region size 4096K, 1 young (4096K), 1 survivors (4096K)
 Metaspace       used 107073K, committed 109440K, reserved 1179648K
  class space    used 15398K, committed 16576K, reserved 1048576K
}
Event: 94.928 GC heap before
{Heap before GC invocations=41 (full 0):
 garbage-first heap   total 204800K, used 176671K [0x0000000600000000, 0x0000000800000000)
  region size 4096K, 13 young (53248K), 1 survivors (4096K)
 Metaspace       used 112873K, committed 115328K, reserved 1179648K
  class space    used 16096K, committed 17280K, reserved 1048576K
}
Event: 94.939 GC heap after
{Heap after GC invocations=42 (full 0):
 garbage-first heap   total 204800K, used 130768K [0x0000000600000000, 0x0000000800000000)
  region size 4096K, 2 young (8192K), 2 survivors (8192K)
 Metaspace       used 112873K, committed 115328K, reserved 1179648K
  class space    used 16096K, committed 17280K, reserved 1048576K
}
Event: 95.493 GC heap before
{Heap before GC invocations=42 (full 0):
 garbage-first heap   total 204800K, used 184016K [0x0000000600000000, 0x0000000800000000)
  region size 4096K, 15 young (61440K), 2 survivors (8192K)
 Metaspace       used 113016K, committed 115456K, reserved 1179648K
  class space    used 16101K, committed 17280K, reserved 1048576K
}
Event: 95.514 GC heap after
{Heap after GC invocations=43 (full 0):
 garbage-first heap   total 208896K, used 135168K [0x0000000600000000, 0x0000000800000000)
  region size 4096K, 2 young (8192K), 2 survivors (8192K)
 Metaspace       used 113016K, committed 115456K, reserved 1179648K
  class space    used 16101K, committed 17280K, reserved 1048576K
}
Event: 96.354 GC heap before
{Heap before GC invocations=43 (full 0):
 garbage-first heap   total 208896K, used 184320K [0x0000000600000000, 0x0000000800000000)
  region size 4096K, 14 young (57344K), 2 survivors (8192K)
 Metaspace       used 115827K, committed 118208K, reserved 1179648K
  class space    used 16439K, committed 17600K, reserved 1048576K
}
Event: 96.370 GC heap after
{Heap after GC invocations=44 (full 0):
 garbage-first heap   total 208896K, used 144976K [0x0000000600000000, 0x0000000800000000)
  region size 4096K, 2 young (8192K), 2 survivors (8192K)
 Metaspace       used 115827K, committed 118208K, reserved 1179648K
  class space    used 16439K, committed 17600K, reserved 1048576K
}
Event: 97.343 GC heap before
{Heap before GC invocations=45 (full 0):
 garbage-first heap   total 245760K, used 194128K [0x0000000600000000, 0x0000000800000000)
  region size 4096K, 12 young (49152K), 2 survivors (8192K)
 Metaspace       used 119627K, committed 121984K, reserved 1179648K
  class space    used 16842K, committed 17984K, reserved 1048576K
}
Event: 97.352 GC heap after
{Heap after GC invocations=46 (full 0):
 garbage-first heap   total 245760K, used 159534K [0x0000000600000000, 0x0000000800000000)
  region size 4096K, 2 young (8192K), 2 survivors (8192K)
 Metaspace       used 119627K, committed 121984K, reserved 1179648K
  class space    used 16842K, committed 17984K, reserved 1048576K
}
Event: 98.184 GC heap before
{Heap before GC invocations=46 (full 0):
 garbage-first heap   total 245760K, used 208686K [0x0000000600000000, 0x0000000800000000)
  region size 4096K, 15 young (61440K), 2 survivors (8192K)
 Metaspace       used 126003K, committed 128704K, reserved 1179648K
  class space    used 17541K, committed 18880K, reserved 1048576K
}
Event: 98.194 GC heap after
{Heap after GC invocations=47 (full 0):
 garbage-first heap   total 245760K, used 160239K [0x0000000600000000, 0x0000000800000000)
  region size 4096K, 2 young (8192K), 2 survivors (8192K)
 Metaspace       used 126003K, committed 128704K, reserved 1179648K
  class space    used 17541K, committed 18880K, reserved 1048576K
}
Event: 99.448 GC heap before
{Heap before GC invocations=47 (full 0):
 garbage-first heap   total 245760K, used 217583K [0x0000000600000000, 0x0000000800000000)
  region size 4096K, 16 young (65536K), 2 survivors (8192K)
 Metaspace       used 131944K, committed 134720K, reserved 1179648K
  class space    used 18312K, committed 19712K, reserved 1048576K
}

