# JRE version: Java(TM) SE Runtime Environment (17.0.12+8) (build 17.0.12+8-LTS-286)
# Java VM: Java HotSpot(TM) 64-Bit Server VM (17.0.12+8-LTS-286, mixed mode, sharing, tiered, compressed oops, compressed class ptrs, g1 gc, windows-amd64)
GC Precious Log:
 CPUs: 4 total, 4 available
 Memory: 8079M
 Large Page Support: Disabled
 NUMA Support: Disabled
 Compressed Oops: Enabled (32-bit)
 Heap Region Size: 1M
 Heap Min Capacity: 8M
 Heap Initial Capacity: 128M
 Heap Max Capacity: 2G
 Pre-touch: Disabled
 Parallel Workers: 4
 Concurrent Workers: 1
 Concurrent Refinement Workers: 4
 Periodic GC: Disabled
Heap:
 garbage-first heap   total 215040K, used 145810K [0x0000000080000000, 0x0000000100000000)
  region size 1024K, 49 young (50176K), 7 survivors (7168K)
 Metaspace       used 132070K, committed 132928K, reserved 557056K
  class space    used 17366K, committed 17792K, reserved 425984K
GC Heap History (20 events):
Event: 33.356 GC heap before
{Heap before GC invocations=34 (full 0):
 garbage-first heap   total 215040K, used 164154K [0x0000000080000000, 0x0000000100000000)
  region size 1024K, 96 young (98304K), 1 survivors (1024K)
 Metaspace       used 82937K, committed 83520K, reserved 557056K
  class space    used 10851K, committed 11136K, reserved 425984K
}
Event: 33.366 GC heap after
{Heap after GC invocations=35 (full 0):
 garbage-first heap   total 215040K, used 73858K [0x0000000080000000, 0x0000000100000000)
  region size 1024K, 8 young (8192K), 8 survivors (8192K)
 Metaspace       used 82937K, committed 83520K, reserved 557056K
  class space    used 10851K, committed 11136K, reserved 425984K
}
Event: 37.357 GC heap before
{Heap before GC invocations=35 (full 0):
 garbage-first heap   total 215040K, used 164994K [0x0000000080000000, 0x0000000100000000)
  region size 1024K, 97 young (99328K), 8 survivors (8192K)
 Metaspace       used 95174K, committed 95744K, reserved 557056K
  class space    used 12086K, committed 12352K, reserved 425984K
}
Event: 37.370 GC heap after
{Heap after GC invocations=36 (full 0):
 garbage-first heap   total 215040K, used 78814K [0x0000000080000000, 0x0000000100000000)
  region size 1024K, 5 young (5120K), 5 survivors (5120K)
 Metaspace       used 95174K, committed 95744K, reserved 557056K
  class space    used 12086K, committed 12352K, reserved 425984K
}
Event: 42.509 GC heap before
{Heap before GC invocations=36 (full 0):
 garbage-first heap   total 215040K, used 168926K [0x0000000080000000, 0x0000000100000000)
  region size 1024K, 93 young (95232K), 5 survivors (5120K)
 Metaspace       used 104935K, committed 105664K, reserved 557056K
  class space    used 13319K, committed 13696K, reserved 425984K
}
Event: 42.517 GC heap after
{Heap after GC invocations=37 (full 0):
 garbage-first heap   total 215040K, used 81475K [0x0000000080000000, 0x0000000100000000)
  region size 1024K, 8 young (8192K), 8 survivors (8192K)
 Metaspace       used 104935K, committed 105664K, reserved 557056K
  class space    used 13319K, committed 13696K, reserved 425984K
}
Event: 46.311 GC heap before
{Heap before GC invocations=38 (full 0):
 garbage-first heap   total 215040K, used 171587K [0x0000000080000000, 0x0000000100000000)
  region size 1024K, 96 young (98304K), 8 survivors (8192K)
 Metaspace       used 110964K, committed 111680K, reserved 557056K
  class space    used 14321K, committed 14656K, reserved 425984K
}
Event: 46.326 GC heap after
{Heap after GC invocations=39 (full 0):
 garbage-first heap   total 215040K, used 87769K [0x0000000080000000, 0x0000000100000000)
  region size 1024K, 10 young (10240K), 10 survivors (10240K)
 Metaspace       used 110964K, committed 111680K, reserved 557056K
  class space    used 14321K, committed 14656K, reserved 425984K
}
Event: 46.348 GC heap before
{Heap before GC invocations=39 (full 0):
 garbage-first heap   total 215040K, used 88793K [0x0000000080000000, 0x0000000100000000)
  region size 1024K, 11 young (11264K), 10 survivors (10240K)
 Metaspace       used 111012K, committed 111744K, reserved 557056K
  class space    used 14331K, committed 14656K, reserved 425984K
}
Event: 46.359 GC heap after
{Heap after GC invocations=40 (full 0):
 garbage-first heap   total 215040K, used 88161K [0x0000000080000000, 0x0000000100000000)
  region size 1024K, 2 young (2048K), 2 survivors (2048K)
 Metaspace       used 111012K, committed 111744K, reserved 557056K
  class space    used 14331K, committed 14656K, reserved 425984K
}
Event: 50.032 GC heap before
{Heap before GC invocations=40 (full 0):
 garbage-first heap   total 215040K, used 180321K [0x0000000080000000, 0x0000000100000000)
  region size 1024K, 85 young (87040K), 2 survivors (2048K)
 Metaspace       used 116820K, committed 117568K, reserved 557056K
  class space    used 15159K, committed 15488K, reserved 425984K
}
Event: 50.043 GC heap after
{Heap after GC invocations=41 (full 0):
 garbage-first heap   total 215040K, used 101509K [0x0000000080000000, 0x0000000100000000)
  region size 1024K, 8 young (8192K), 8 survivors (8192K)
 Metaspace       used 116820K, committed 117568K, reserved 557056K
  class space    used 15159K, committed 15488K, reserved 425984K
}
Event: 51.475 GC heap before
{Heap before GC invocations=41 (full 0):
 garbage-first heap   total 215040K, used 144517K [0x0000000080000000, 0x0000000100000000)
  region size 1024K, 51 young (52224K), 8 survivors (8192K)
 Metaspace       used 119762K, committed 120512K, reserved 557056K
  class space    used 15559K, committed 15872K, reserved 425984K
}
Event: 51.485 GC heap after
{Heap after GC invocations=42 (full 0):
 garbage-first heap   total 215040K, used 103445K [0x0000000080000000, 0x0000000100000000)
  region size 1024K, 2 young (2048K), 2 survivors (2048K)
 Metaspace       used 119762K, committed 120512K, reserved 557056K
  class space    used 15559K, committed 15872K, reserved 425984K
}
Event: 54.122 GC heap before
{Heap before GC invocations=43 (full 0):
 garbage-first heap   total 215040K, used 179221K [0x0000000080000000, 0x0000000100000000)
  region size 1024K, 73 young (74752K), 2 survivors (2048K)
 Metaspace       used 123424K, committed 124288K, reserved 557056K
  class space    used 16099K, committed 16512K, reserved 425984K
}
Event: 54.133 GC heap after
{Heap after GC invocations=44 (full 0):
 garbage-first heap   total 215040K, used 112427K [0x0000000080000000, 0x0000000100000000)
  region size 1024K, 8 young (8192K), 8 survivors (8192K)
 Metaspace       used 123424K, committed 124288K, reserved 557056K
  class space    used 16099K, committed 16512K, reserved 425984K
}
Event: 54.199 GC heap before
{Heap before GC invocations=44 (full 0):
 garbage-first heap   total 215040K, used 114475K [0x0000000080000000, 0x0000000100000000)
  region size 1024K, 10 young (10240K), 8 survivors (8192K)
 Metaspace       used 123572K, committed 124416K, reserved 557056K
  class space    used 16122K, committed 16512K, reserved 425984K
}
Event: 54.211 GC heap after
{Heap after GC invocations=45 (full 0):
 garbage-first heap   total 215040K, used 106223K [0x0000000080000000, 0x0000000100000000)
  region size 1024K, 1 young (1024K), 1 survivors (1024K)
 Metaspace       used 123572K, committed 124416K, reserved 557056K
  class space    used 16122K, committed 16512K, reserved 425984K
}
Event: 59.857 GC heap before
{Heap before GC invocations=45 (full 0):
 garbage-first heap   total 215040K, used 176879K [0x0000000080000000, 0x0000000100000000)
  region size 1024K, 70 young (71680K), 1 survivors (1024K)
 Metaspace       used 127955K, committed 128832K, reserved 557056K
  class space    used 16817K, committed 17216K, reserved 425984K
}
Event: 59.866 GC heap after
{Heap after GC invocations=46 (full 0):
 garbage-first heap   total 215040K, used 104850K [0x0000000080000000, 0x0000000100000000)
  region size 1024K, 7 young (7168K), 7 survivors (7168K)
 Metaspace       used 127955K, committed 128832K, reserved 557056K
  class space    used 16817K, committed 17216K, reserved 425984K
}

