# JRE version: OpenJDK Runtime Environment Temurin-21.0.10+7 (21.0.10+7) (build 21.0.10+7-LTS)
# Java VM: OpenJDK 64-Bit Server VM Temurin-21.0.10+7 (21.0.10+7-LTS, mixed mode, sharing, tiered, compressed oops, compressed class ptrs, parallel gc, windows-amd64)
GC Precious Log:
 CardTable entry size: 512
 CPUs: 4 total, 4 available
 Memory: 8079M
 Large Page Support: Disabled
 NUMA Support: Disabled
 Compressed Oops: Enabled (32-bit)
 Alignments: Space 512K, Generation 512K, Heap 2M
 Heap Min Capacity: 100M
 Heap Initial Capacity: 100M
 Heap Max Capacity: 2G
 Pre-touch: Disabled
 Parallel Workers: 4
Heap:
 PSYoungGen      total 12288K, used 9663K [0x00000000d5580000, 0x00000000d6c80000, 0x0000000100000000)
  eden space 11776K, 80% used [0x00000000d5580000,0x00000000d5ecfc38,0x00000000d6100000)
  from space 512K, 25% used [0x00000000d6c00000,0x00000000d6c20000,0x00000000d6c80000)
  to   space 512K, 0% used [0x00000000d6b80000,0x00000000d6b80000,0x00000000d6c00000)
 ParOldGen       total 68608K, used 60285K [0x0000000080000000, 0x0000000084300000, 0x00000000d5580000)
  object space 68608K, 87% used [0x0000000080000000,0x0000000083adf400,0x0000000084300000)
 Metaspace       used 74331K, committed 75904K, reserved 1179648K
  class space    used 9153K, committed 9856K, reserved 1048576K
GC Heap History (20 events):
Event: 84.247 GC heap before
{Heap before GC invocations=66 (full 3):
 PSYoungGen      total 12288K, used 12274K [0x00000000d5580000, 0x00000000d6d00000, 0x0000000100000000)
  eden space 11776K, 100% used [0x00000000d5580000,0x00000000d6100000,0x00000000d6100000)
  from space 512K, 97% used [0x00000000d6c80000,0x00000000d6cfc8d0,0x00000000d6d00000)
  to   space 1024K, 0% used [0x00000000d6b00000,0x00000000d6b00000,0x00000000d6c00000)
 ParOldGen       total 68608K, used 57924K [0x0000000080000000, 0x0000000084300000, 0x00000000d5580000)
  object space 68608K, 84% used [0x0000000080000000,0x0000000083891258,0x0000000084300000)
 Metaspace       used 69737K, committed 71232K, reserved 1114112K
  class space    used 8540K, committed 9216K, reserved 1048576K
}
Event: 84.248 GC heap after
{Heap after GC invocations=66 (full 3):
 PSYoungGen      total 12800K, used 128K [0x00000000d5580000, 0x00000000d6d00000, 0x0000000100000000)
  eden space 11776K, 0% used [0x00000000d5580000,0x00000000d5580000,0x00000000d6100000)
  from space 1024K, 12% used [0x00000000d6b00000,0x00000000d6b20000,0x00000000d6c00000)
  to   space 512K, 0% used [0x00000000d6c80000,0x00000000d6c80000,0x00000000d6d00000)
 ParOldGen       total 68608K, used 58085K [0x0000000080000000, 0x0000000084300000, 0x00000000d5580000)
  object space 68608K, 84% used [0x0000000080000000,0x00000000838b95d0,0x0000000084300000)
 Metaspace       used 69737K, committed 71232K, reserved 1114112K
  class space    used 8540K, committed 9216K, reserved 1048576K
}
Event: 84.522 GC heap before
{Heap before GC invocations=67 (full 3):
 PSYoungGen      total 12800K, used 11904K [0x00000000d5580000, 0x00000000d6d00000, 0x0000000100000000)
  eden space 11776K, 100% used [0x00000000d5580000,0x00000000d6100000,0x00000000d6100000)
  from space 1024K, 12% used [0x00000000d6b00000,0x00000000d6b20000,0x00000000d6c00000)
  to   space 512K, 0% used [0x00000000d6c80000,0x00000000d6c80000,0x00000000d6d00000)
 ParOldGen       total 68608K, used 58085K [0x0000000080000000, 0x0000000084300000, 0x00000000d5580000)
  object space 68608K, 84% used [0x0000000080000000,0x00000000838b95d0,0x0000000084300000)
 Metaspace       used 69737K, committed 71232K, reserved 1114112K
  class space    used 8540K, committed 9216K, reserved 1048576K
}
Event: 84.523 GC heap after
{Heap after GC invocations=67 (full 3):
 PSYoungGen      total 12288K, used 499K [0x00000000d5580000, 0x00000000d6d00000, 0x0000000100000000)
  eden space 11776K, 0% used [0x00000000d5580000,0x00000000d5580000,0x00000000d6100000)
  from space 512K, 97% used [0x00000000d6c80000,0x00000000d6cfcc78,0x00000000d6d00000)
  to   space 1024K, 0% used [0x00000000d6b00000,0x00000000d6b00000,0x00000000d6c00000)
 ParOldGen       total 68608K, used 58465K [0x0000000080000000, 0x0000000084300000, 0x00000000d5580000)
  object space 68608K, 85% used [0x0000000080000000,0x00000000839185d0,0x0000000084300000)
 Metaspace       used 69737K, committed 71232K, reserved 1114112K
  class space    used 8540K, committed 9216K, reserved 1048576K
}
Event: 84.890 GC heap before
{Heap before GC invocations=68 (full 3):
 PSYoungGen      total 12288K, used 12273K [0x00000000d5580000, 0x00000000d6d00000, 0x0000000100000000)
  eden space 11776K, 99% used [0x00000000d5580000,0x00000000d60ffa58,0x00000000d6100000)
  from space 512K, 97% used [0x00000000d6c80000,0x00000000d6cfcc78,0x00000000d6d00000)
  to   space 1024K, 0% used [0x00000000d6b00000,0x00000000d6b00000,0x00000000d6c00000)
 ParOldGen       total 68608K, used 58465K [0x0000000080000000, 0x0000000084300000, 0x00000000d5580000)
  object space 68608K, 85% used [0x0000000080000000,0x00000000839185d0,0x0000000084300000)
 Metaspace       used 69737K, committed 71232K, reserved 1114112K
  class space    used 8540K, committed 9216K, reserved 1048576K
}
Event: 84.891 GC heap after
{Heap after GC invocations=68 (full 3):
 PSYoungGen      total 12800K, used 128K [0x00000000d5580000, 0x00000000d6d00000, 0x0000000100000000)
  eden space 11776K, 0% used [0x00000000d5580000,0x00000000d5580000,0x00000000d6100000)
  from space 1024K, 12% used [0x00000000d6b00000,0x00000000d6b20000,0x00000000d6c00000)
  to   space 512K, 0% used [0x00000000d6c80000,0x00000000d6c80000,0x00000000d6d00000)
 ParOldGen       total 68608K, used 58597K [0x0000000080000000, 0x0000000084300000, 0x00000000d5580000)
  object space 68608K, 85% used [0x0000000080000000,0x0000000083939788,0x0000000084300000)
 Metaspace       used 69737K, committed 71232K, reserved 1114112K
  class space    used 8540K, committed 9216K, reserved 1048576K
}
Event: 85.458 GC heap before
{Heap before GC invocations=69 (full 3):
 PSYoungGen      total 12800K, used 11904K [0x00000000d5580000, 0x00000000d6d00000, 0x0000000100000000)
  eden space 11776K, 100% used [0x00000000d5580000,0x00000000d6100000,0x00000000d6100000)
  from space 1024K, 12% used [0x00000000d6b00000,0x00000000d6b20000,0x00000000d6c00000)
  to   space 512K, 0% used [0x00000000d6c80000,0x00000000d6c80000,0x00000000d6d00000)
 ParOldGen       total 68608K, used 58597K [0x0000000080000000, 0x0000000084300000, 0x00000000d5580000)
  object space 68608K, 85% used [0x0000000080000000,0x0000000083939788,0x0000000084300000)
 Metaspace       used 71082K, committed 72576K, reserved 1114112K
  class space    used 8729K, committed 9408K, reserved 1048576K
}
Event: 85.459 GC heap after
{Heap after GC invocations=69 (full 3):
 PSYoungGen      total 12288K, used 464K [0x00000000d5580000, 0x00000000d6d00000, 0x0000000100000000)
  eden space 11776K, 0% used [0x00000000d5580000,0x00000000d5580000,0x00000000d6100000)
  from space 512K, 90% used [0x00000000d6c80000,0x00000000d6cf4010,0x00000000d6d00000)
  to   space 1024K, 0% used [0x00000000d6b00000,0x00000000d6b00000,0x00000000d6c00000)
 ParOldGen       total 68608K, used 58653K [0x0000000080000000, 0x0000000084300000, 0x00000000d5580000)
  object space 68608K, 85% used [0x0000000080000000,0x0000000083947798,0x0000000084300000)
 Metaspace       used 71082K, committed 72576K, reserved 1114112K
  class space    used 8729K, committed 9408K, reserved 1048576K
}
Event: 86.297 GC heap before
{Heap before GC invocations=70 (full 3):
 PSYoungGen      total 12288K, used 12240K [0x00000000d5580000, 0x00000000d6d00000, 0x0000000100000000)
  eden space 11776K, 100% used [0x00000000d5580000,0x00000000d6100000,0x00000000d6100000)
  from space 512K, 90% used [0x00000000d6c80000,0x00000000d6cf4010,0x00000000d6d00000)
  to   space 1024K, 0% used [0x00000000d6b00000,0x00000000d6b00000,0x00000000d6c00000)
 ParOldGen       total 68608K, used 58653K [0x0000000080000000, 0x0000000084300000, 0x00000000d5580000)
  object space 68608K, 85% used [0x0000000080000000,0x0000000083947798,0x0000000084300000)
 Metaspace       used 72419K, committed 73920K, reserved 1114112K
  class space    used 8934K, committed 9600K, reserved 1048576K
}
Event: 86.298 GC heap after
{Heap after GC invocations=70 (full 3):
 PSYoungGen      total 12800K, used 384K [0x00000000d5580000, 0x00000000d6d00000, 0x0000000100000000)
  eden space 11776K, 0% used [0x00000000d5580000,0x00000000d5580000,0x00000000d6100000)
  from space 1024K, 37% used [0x00000000d6b00000,0x00000000d6b60010,0x00000000d6c00000)
  to   space 512K, 0% used [0x00000000d6c80000,0x00000000d6c80000,0x00000000d6d00000)
 ParOldGen       total 68608K, used 59069K [0x0000000080000000, 0x0000000084300000, 0x00000000d5580000)
  object space 68608K, 86% used [0x0000000080000000,0x00000000839af7b8,0x0000000084300000)
 Metaspace       used 72419K, committed 73920K, reserved 1114112K
  class space    used 8934K, committed 9600K, reserved 1048576K
}
Event: 103.978 GC heap before
{Heap before GC invocations=71 (full 3):
 PSYoungGen      total 12800K, used 12160K [0x00000000d5580000, 0x00000000d6d00000, 0x0000000100000000)
  eden space 11776K, 100% used [0x00000000d5580000,0x00000000d6100000,0x00000000d6100000)
  from space 1024K, 37% used [0x00000000d6b00000,0x00000000d6b60010,0x00000000d6c00000)
  to   space 512K, 0% used [0x00000000d6c80000,0x00000000d6c80000,0x00000000d6d00000)
 ParOldGen       total 68608K, used 59069K [0x0000000080000000, 0x0000000084300000, 0x00000000d5580000)
  object space 68608K, 86% used [0x0000000080000000,0x00000000839af7b8,0x0000000084300000)
 Metaspace       used 73569K, committed 75072K, reserved 1114112K
  class space    used 9086K, committed 9792K, reserved 1048576K
}
Event: 103.994 GC heap after
{Heap after GC invocations=71 (full 3):
 PSYoungGen      total 12288K, used 512K [0x00000000d5580000, 0x00000000d6d00000, 0x0000000100000000)
  eden space 11776K, 0% used [0x00000000d5580000,0x00000000d5580000,0x00000000d6100000)
  from space 512K, 100% used [0x00000000d6c80000,0x00000000d6d00000,0x00000000d6d00000)
  to   space 1024K, 0% used [0x00000000d6b00000,0x00000000d6b00000,0x00000000d6c00000)
 ParOldGen       total 68608K, used 59440K [0x0000000080000000, 0x0000000084300000, 0x00000000d5580000)
  object space 68608K, 86% used [0x0000000080000000,0x0000000083a0c348,0x0000000084300000)
 Metaspace       used 73569K, committed 75072K, reserved 1114112K
  class space    used 9086K, committed 9792K, reserved 1048576K
}
Event: 120.473 GC heap before
{Heap before GC invocations=72 (full 3):
 PSYoungGen      total 12288K, used 12288K [0x00000000d5580000, 0x00000000d6d00000, 0x0000000100000000)
  eden space 11776K, 100% used [0x00000000d5580000,0x00000000d6100000,0x00000000d6100000)
  from space 512K, 100% used [0x00000000d6c80000,0x00000000d6d00000,0x00000000d6d00000)
  to   space 1024K, 0% used [0x00000000d6b00000,0x00000000d6b00000,0x00000000d6c00000)
 ParOldGen       total 68608K, used 59440K [0x0000000080000000, 0x0000000084300000, 0x00000000d5580000)
  object space 68608K, 86% used [0x0000000080000000,0x0000000083a0c348,0x0000000084300000)
 Metaspace       used 73953K, committed 75392K, reserved 1179648K
  class space    used 9127K, committed 9792K, reserved 1048576K
}
Event: 120.474 GC heap after
{Heap after GC invocations=72 (full 3):
 PSYoungGen      total 12800K, used 320K [0x00000000d5580000, 0x00000000d6d00000, 0x0000000100000000)
  eden space 11776K, 0% used [0x00000000d5580000,0x00000000d5580000,0x00000000d6100000)
  from space 1024K, 31% used [0x00000000d6b00000,0x00000000d6b50000,0x00000000d6c00000)
  to   space 1024K, 0% used [0x00000000d6c00000,0x00000000d6c00000,0x00000000d6d00000)
 ParOldGen       total 68608K, used 59928K [0x0000000080000000, 0x0000000084300000, 0x00000000d5580000)
  object space 68608K, 87% used [0x0000000080000000,0x0000000083a86348,0x0000000084300000)
 Metaspace       used 73953K, committed 75392K, reserved 1179648K
  class space    used 9127K, committed 9792K, reserved 1048576K
}
Event: 168.119 GC heap before
{Heap before GC invocations=73 (full 3):
 PSYoungGen      total 12800K, used 12096K [0x00000000d5580000, 0x00000000d6d00000, 0x0000000100000000)
  eden space 11776K, 100% used [0x00000000d5580000,0x00000000d6100000,0x00000000d6100000)
  from space 1024K, 31% used [0x00000000d6b00000,0x00000000d6b50000,0x00000000d6c00000)
  to   space 1024K, 0% used [0x00000000d6c00000,0x00000000d6c00000,0x00000000d6d00000)
 ParOldGen       total 68608K, used 59928K [0x0000000080000000, 0x0000000084300000, 0x00000000d5580000)
  object space 68608K, 87% used [0x0000000080000000,0x0000000083a86348,0x0000000084300000)
 Metaspace       used 74185K, committed 75648K, reserved 1179648K
  class space    used 9130K, committed 9792K, reserved 1048576K
}
Event: 168.120 GC heap after
{Heap after GC invocations=73 (full 3):
 PSYoungGen      total 12288K, used 112K [0x00000000d5580000, 0x00000000d6c80000, 0x0000000100000000)
  eden space 11776K, 0% used [0x00000000d5580000,0x00000000d5580000,0x00000000d6100000)
  from space 512K, 21% used [0x00000000d6c00000,0x00000000d6c1c010,0x00000000d6c80000)
  to   space 512K, 0% used [0x00000000d6b80000,0x00000000d6b80000,0x00000000d6c00000)
 ParOldGen       total 68608K, used 60152K [0x0000000080000000, 0x0000000084300000, 0x00000000d5580000)
  object space 68608K, 87% used [0x0000000080000000,0x0000000083abe3d0,0x0000000084300000)
 Metaspace       used 74185K, committed 75648K, reserved 1179648K
  class space    used 9130K, committed 9792K, reserved 1048576K
}
Event: 177.302 GC heap before
{Heap before GC invocations=74 (full 3):
 PSYoungGen      total 12288K, used 11888K [0x00000000d5580000, 0x00000000d6c80000, 0x0000000100000000)
  eden space 11776K, 100% used [0x00000000d5580000,0x00000000d6100000,0x00000000d6100000)
  from space 512K, 21% used [0x00000000d6c00000,0x00000000d6c1c010,0x00000000d6c80000)
  to   space 512K, 0% used [0x00000000d6b80000,0x00000000d6b80000,0x00000000d6c00000)
 ParOldGen       total 68608K, used 60152K [0x0000000080000000, 0x0000000084300000, 0x00000000d5580000)
  object space 68608K, 87% used [0x0000000080000000,0x0000000083abe3d0,0x0000000084300000)
 Metaspace       used 74229K, committed 75712K, reserved 1179648K
  class space    used 9137K, committed 9792K, reserved 1048576K
}
Event: 177.303 GC heap after
{Heap after GC invocations=74 (full 3):
 PSYoungGen      total 12288K, used 96K [0x00000000d5580000, 0x00000000d6c80000, 0x0000000100000000)
  eden space 11776K, 0% used [0x00000000d5580000,0x00000000d5580000,0x00000000d6100000)
  from space 512K, 18% used [0x00000000d6b80000,0x00000000d6b98000,0x00000000d6c00000)
  to   space 512K, 0% used [0x00000000d6c00000,0x00000000d6c00000,0x00000000d6c80000)
 ParOldGen       total 68608K, used 60237K [0x0000000080000000, 0x0000000084300000, 0x00000000d5580000)
  object space 68608K, 87% used [0x0000000080000000,0x0000000083ad3400,0x0000000084300000)
 Metaspace       used 74229K, committed 75712K, reserved 1179648K
  class space    used 9137K, committed 9792K, reserved 1048576K
}
Event: 183.031 GC heap before
{Heap before GC invocations=75 (full 3):
 PSYoungGen      total 12288K, used 11872K [0x00000000d5580000, 0x00000000d6c80000, 0x0000000100000000)
  eden space 11776K, 100% used [0x00000000d5580000,0x00000000d6100000,0x00000000d6100000)
  from space 512K, 18% used [0x00000000d6b80000,0x00000000d6b98000,0x00000000d6c00000)
  to   space 512K, 0% used [0x00000000d6c00000,0x00000000d6c00000,0x00000000d6c80000)
 ParOldGen       total 68608K, used 60237K [0x0000000080000000, 0x0000000084300000, 0x00000000d5580000)
  object space 68608K, 87% used [0x0000000080000000,0x0000000083ad3400,0x0000000084300000)
 Metaspace       used 74326K, committed 75904K, reserved 1179648K
  class space    used 9152K, committed 9856K, reserved 1048576K
}
Event: 183.032 GC heap after
{Heap after GC invocations=75 (full 3):
 PSYoungGen      total 12288K, used 128K [0x00000000d5580000, 0x00000000d6c80000, 0x0000000100000000)
  eden space 11776K, 0% used [0x00000000d5580000,0x00000000d5580000,0x00000000d6100000)
  from space 512K, 25% used [0x00000000d6c00000,0x00000000d6c20000,0x00000000d6c80000)
  to   space 512K, 0% used [0x00000000d6b80000,0x00000000d6b80000,0x00000000d6c00000)
 ParOldGen       total 68608K, used 60285K [0x0000000080000000, 0x0000000084300000, 0x00000000d5580000)
  object space 68608K, 87% used [0x0000000080000000,0x0000000083adf400,0x0000000084300000)
 Metaspace       used 74326K, committed 75904K, reserved 1179648K
  class space    used 9152K, committed 9856K, reserved 1048576K
}

