# JRE version: Java(TM) SE Runtime Environment (17.0.12+8) (build 17.0.12+8-LTS-286)
# Java VM: Java HotSpot(TM) 64-Bit Server VM (17.0.12+8-LTS-286, mixed mode, sharing, tiered, compressed oops, compressed class ptrs, g1 gc, windows-amd64)
GC Precious Log:
 CPUs: 4 total, 4 available
 Memory: 8079M
 Large Page Support: Disabled
 NUMA Support: Disabled
 Compressed Oops: Enabled (32-bit)
 Heap Region Size: 1M
 Heap Min Capacity: 8M
 Heap Initial Capacity: 128M
 Heap Max Capacity: 2G
 Pre-touch: Disabled
 Parallel Workers: 4
 Concurrent Workers: 1
 Concurrent Refinement Workers: 4
 Periodic GC: Disabled
Heap:
 garbage-first heap   total 263168K, used 233645K [0x0000000080000000, 0x0000000100000000)
  region size 1024K, 11 young (11264K), 2 survivors (2048K)
 Metaspace       used 163410K, committed 164608K, reserved 622592K
  class space    used 21404K, committed 21952K, reserved 425984K
GC Heap History (20 events):
Event: 49.750 GC heap before
{Heap before GC invocations=64 (full 0):
 garbage-first heap   total 263168K, used 225556K [0x0000000080000000, 0x0000000100000000)
  region size 1024K, 30 young (30720K), 4 survivors (4096K)
 Metaspace       used 162956K, committed 164160K, reserved 622592K
  class space    used 21353K, committed 21888K, reserved 425984K
}
Event: 49.757 GC heap after
{Heap after GC invocations=65 (full 0):
 garbage-first heap   total 263168K, used 203884K [0x0000000080000000, 0x0000000100000000)
  region size 1024K, 4 young (4096K), 4 survivors (4096K)
 Metaspace       used 162956K, committed 164160K, reserved 622592K
  class space    used 21353K, committed 21888K, reserved 425984K
}
Event: 49.934 GC heap before
{Heap before GC invocations=65 (full 0):
 garbage-first heap   total 263168K, used 225388K [0x0000000080000000, 0x0000000100000000)
  region size 1024K, 26 young (26624K), 4 survivors (4096K)
 Metaspace       used 162957K, committed 164160K, reserved 622592K
  class space    used 21353K, committed 21888K, reserved 425984K
}
Event: 49.938 GC heap after
{Heap after GC invocations=66 (full 0):
 garbage-first heap   total 263168K, used 205197K [0x0000000080000000, 0x0000000100000000)
  region size 1024K, 3 young (3072K), 3 survivors (3072K)
 Metaspace       used 162957K, committed 164160K, reserved 622592K
  class space    used 21353K, committed 21888K, reserved 425984K
}
Event: 50.167 GC heap before
{Heap before GC invocations=66 (full 0):
 garbage-first heap   total 263168K, used 226701K [0x0000000080000000, 0x0000000100000000)
  region size 1024K, 25 young (25600K), 3 survivors (3072K)
 Metaspace       used 162957K, committed 164160K, reserved 622592K
  class space    used 21353K, committed 21888K, reserved 425984K
}
Event: 50.170 GC heap after
{Heap after GC invocations=67 (full 0):
 garbage-first heap   total 263168K, used 205848K [0x0000000080000000, 0x0000000100000000)
  region size 1024K, 3 young (3072K), 3 survivors (3072K)
 Metaspace       used 162957K, committed 164160K, reserved 622592K
  class space    used 21353K, committed 21888K, reserved 425984K
}
Event: 50.358 GC heap before
{Heap before GC invocations=67 (full 0):
 garbage-first heap   total 263168K, used 226328K [0x0000000080000000, 0x0000000100000000)
  region size 1024K, 24 young (24576K), 3 survivors (3072K)
 Metaspace       used 162957K, committed 164160K, reserved 622592K
  class space    used 21353K, committed 21888K, reserved 425984K
}
Event: 50.362 GC heap after
{Heap after GC invocations=68 (full 0):
 garbage-first heap   total 263168K, used 206203K [0x0000000080000000, 0x0000000100000000)
  region size 1024K, 3 young (3072K), 3 survivors (3072K)
 Metaspace       used 162957K, committed 164160K, reserved 622592K
  class space    used 21353K, committed 21888K, reserved 425984K
}
Event: 50.584 GC heap before
{Heap before GC invocations=68 (full 0):
 garbage-first heap   total 263168K, used 226683K [0x0000000080000000, 0x0000000100000000)
  region size 1024K, 24 young (24576K), 3 survivors (3072K)
 Metaspace       used 162957K, committed 164160K, reserved 622592K
  class space    used 21353K, committed 21888K, reserved 425984K
}
Event: 50.587 GC heap after
{Heap after GC invocations=69 (full 0):
 garbage-first heap   total 263168K, used 206693K [0x0000000080000000, 0x0000000100000000)
  region size 1024K, 3 young (3072K), 3 survivors (3072K)
 Metaspace       used 162957K, committed 164160K, reserved 622592K
  class space    used 21353K, committed 21888K, reserved 425984K
}
Event: 50.796 GC heap before
{Heap before GC invocations=69 (full 0):
 garbage-first heap   total 263168K, used 226149K [0x0000000080000000, 0x0000000100000000)
  region size 1024K, 23 young (23552K), 3 survivors (3072K)
 Metaspace       used 162957K, committed 164160K, reserved 622592K
  class space    used 21353K, committed 21888K, reserved 425984K
}
Event: 50.799 GC heap after
{Heap after GC invocations=70 (full 0):
 garbage-first heap   total 263168K, used 206801K [0x0000000080000000, 0x0000000100000000)
  region size 1024K, 3 young (3072K), 3 survivors (3072K)
 Metaspace       used 162957K, committed 164160K, reserved 622592K
  class space    used 21353K, committed 21888K, reserved 425984K
}
Event: 50.996 GC heap before
{Heap before GC invocations=70 (full 0):
 garbage-first heap   total 263168K, used 227281K [0x0000000080000000, 0x0000000100000000)
  region size 1024K, 24 young (24576K), 3 survivors (3072K)
 Metaspace       used 162957K, committed 164160K, reserved 622592K
  class space    used 21353K, committed 21888K, reserved 425984K
}
Event: 50.999 GC heap after
{Heap after GC invocations=71 (full 0):
 garbage-first heap   total 263168K, used 207368K [0x0000000080000000, 0x0000000100000000)
  region size 1024K, 3 young (3072K), 3 survivors (3072K)
 Metaspace       used 162957K, committed 164160K, reserved 622592K
  class space    used 21353K, committed 21888K, reserved 425984K
}
Event: 51.186 GC heap before
{Heap before GC invocations=71 (full 0):
 garbage-first heap   total 263168K, used 228872K [0x0000000080000000, 0x0000000100000000)
  region size 1024K, 24 young (24576K), 3 survivors (3072K)
 Metaspace       used 162957K, committed 164160K, reserved 622592K
  class space    used 21353K, committed 21888K, reserved 425984K
}
Event: 51.189 GC heap after
{Heap after GC invocations=72 (full 0):
 garbage-first heap   total 263168K, used 208021K [0x0000000080000000, 0x0000000100000000)
  region size 1024K, 3 young (3072K), 3 survivors (3072K)
 Metaspace       used 162957K, committed 164160K, reserved 622592K
  class space    used 21353K, committed 21888K, reserved 425984K
}
Event: 51.936 GC heap before
{Heap before GC invocations=72 (full 0):
 garbage-first heap   total 263168K, used 238741K [0x0000000080000000, 0x0000000100000000)
  region size 1024K, 23 young (23552K), 3 survivors (3072K)
 Metaspace       used 163151K, committed 164352K, reserved 622592K
  class space    used 21377K, committed 21888K, reserved 425984K
}
Event: 51.942 GC heap after
{Heap after GC invocations=73 (full 0):
 garbage-first heap   total 263168K, used 224698K [0x0000000080000000, 0x0000000100000000)
  region size 1024K, 3 young (3072K), 3 survivors (3072K)
 Metaspace       used 163151K, committed 164352K, reserved 622592K
  class space    used 21377K, committed 21888K, reserved 425984K
}
Event: 52.201 GC heap before
{Heap before GC invocations=73 (full 0):
 garbage-first heap   total 263168K, used 233914K [0x0000000080000000, 0x0000000100000000)
  region size 1024K, 12 young (12288K), 3 survivors (3072K)
 Metaspace       used 163200K, committed 164352K, reserved 622592K
  class space    used 21379K, committed 21888K, reserved 425984K
}
Event: 52.206 GC heap after
{Heap after GC invocations=74 (full 0):
 garbage-first heap   total 263168K, used 226477K [0x0000000080000000, 0x0000000100000000)
  region size 1024K, 2 young (2048K), 2 survivors (2048K)
 Metaspace       used 163200K, committed 164352K, reserved 622592K
  class space    used 21379K, committed 21888K, reserved 425984K
}

