# JRE version: Java(TM) SE Runtime Environment (17.0.12+8) (build 17.0.12+8-LTS-286)
# Java VM: Java HotSpot(TM) 64-Bit Server VM (17.0.12+8-LTS-286, mixed mode, sharing, tiered, compressed oops, compressed class ptrs, g1 gc, windows-amd64)
GC Precious Log:
 CPUs: 4 total, 4 available
 Memory: 8079M
 Large Page Support: Disabled
 NUMA Support: Disabled
 Compressed Oops: Enabled (32-bit)
 Heap Region Size: 1M
 Heap Min Capacity: 8M
 Heap Initial Capacity: 128M
 Heap Max Capacity: 2G
 Pre-touch: Disabled
 Parallel Workers: 4
 Concurrent Workers: 1
 Concurrent Refinement Workers: 4
 Periodic GC: Disabled
Heap:
 garbage-first heap   total 131072K, used 25648K [0x0000000080000000, 0x0000000100000000)
  region size 1024K, 11 young (11264K), 6 survivors (6144K)
 Metaspace       used 17542K, committed 17856K, reserved 491520K
  class space    used 2490K, committed 2624K, reserved 425984K
GC Heap History (8 events):
Event: 1.624 GC heap before
{Heap before GC invocations=0 (full 0):
 garbage-first heap   total 131072K, used 13312K [0x0000000080000000, 0x0000000100000000)
  region size 1024K, 13 young (13312K), 0 survivors (0K)
 Metaspace       used 780K, committed 896K, reserved 491520K
  class space    used 61K, committed 128K, reserved 425984K
}
Event: 1.646 GC heap after
{Heap after GC invocations=1 (full 0):
 garbage-first heap   total 131072K, used 1257K [0x0000000080000000, 0x0000000100000000)
  region size 1024K, 2 young (2048K), 2 survivors (2048K)
 Metaspace       used 780K, committed 896K, reserved 491520K
  class space    used 61K, committed 128K, reserved 425984K
}
Event: 2.317 GC heap before
{Heap before GC invocations=1 (full 0):
 garbage-first heap   total 131072K, used 22761K [0x0000000080000000, 0x0000000100000000)
  region size 1024K, 21 young (21504K), 2 survivors (2048K)
 Metaspace       used 2075K, committed 2240K, reserved 491520K
  class space    used 212K, committed 320K, reserved 425984K
}
Event: 2.321 GC heap after
{Heap after GC invocations=2 (full 0):
 garbage-first heap   total 131072K, used 9978K [0x0000000080000000, 0x0000000100000000)
  region size 1024K, 3 young (3072K), 3 survivors (3072K)
 Metaspace       used 2075K, committed 2240K, reserved 491520K
  class space    used 212K, committed 320K, reserved 425984K
}
Event: 3.969 GC heap before
{Heap before GC invocations=2 (full 0):
 garbage-first heap   total 131072K, used 86778K [0x0000000080000000, 0x0000000100000000)
  region size 1024K, 76 young (77824K), 3 survivors (3072K)
 Metaspace       used 4914K, committed 5120K, reserved 491520K
  class space    used 632K, committed 704K, reserved 425984K
}
Event: 3.977 GC heap after
{Heap after GC invocations=3 (full 0):
 garbage-first heap   total 131072K, used 16329K [0x0000000080000000, 0x0000000100000000)
  region size 1024K, 9 young (9216K), 9 survivors (9216K)
 Metaspace       used 4914K, committed 5120K, reserved 491520K
  class space    used 632K, committed 704K, reserved 425984K
}
Event: 6.563 GC heap before
{Heap before GC invocations=3 (full 0):
 garbage-first heap   total 131072K, used 84937K [0x0000000080000000, 0x0000000100000000)
  region size 1024K, 76 young (77824K), 9 survivors (9216K)
 Metaspace       used 17147K, committed 17408K, reserved 491520K
  class space    used 2428K, committed 2560K, reserved 425984K
}
Event: 6.574 GC heap after
{Heap after GC invocations=4 (full 0):
 garbage-first heap   total 131072K, used 21552K [0x0000000080000000, 0x0000000100000000)
  region size 1024K, 6 young (6144K), 6 survivors (6144K)
 Metaspace       used 17147K, committed 17408K, reserved 491520K
  class space    used 2428K, committed 2560K, reserved 425984K
}

